22 Sep 2022 - 11:03:22.516 [restartedMain] INFO  c.c.CollegemanagementsystemrestApplication - Starting CollegemanagementsystemrestApplication using Java 17.0.3 on LAPTOP-BLGNIC5O with PID 4700 (E:\FDP\collegemanagementsystemrest\target\classes started by HP in E:\FDP\collegemanagementsystemrest)
22 Sep 2022 - 11:03:22.519 [restartedMain] INFO  c.c.CollegemanagementsystemrestApplication - No active profile set, falling back to 1 default profile: "default"
22 Sep 2022 - 11:03:22.560 [restartedMain] INFO  o.s.b.d.e.DevToolsPropertyDefaultsPostProcessor - Devtools property defaults active! Set 'spring.devtools.add-properties' to 'false' to disable
22 Sep 2022 - 11:03:22.561 [restartedMain] INFO  o.s.b.d.e.DevToolsPropertyDefaultsPostProcessor - For additional web related logging consider setting the 'logging.level.web' property to 'DEBUG'
22 Sep 2022 - 11:03:23.129 [restartedMain] INFO  o.s.d.r.c.RepositoryConfigurationDelegate - Bootstrapping Spring Data JPA repositories in DEFAULT mode.
22 Sep 2022 - 11:03:23.170 [restartedMain] INFO  o.s.d.r.c.RepositoryConfigurationDelegate - Finished Spring Data repository scanning in 33 ms. Found 3 JPA repository interfaces.
22 Sep 2022 - 11:03:23.714 [restartedMain] INFO  o.s.b.w.e.tomcat.TomcatWebServer - Tomcat initialized with port(s): 8085 (http)
22 Sep 2022 - 11:03:23.715 [restartedMain] INFO  o.a.c.core.AprLifecycleListener - Loaded Apache Tomcat Native library [1.2.35] using APR version [1.7.0].
22 Sep 2022 - 11:03:23.715 [restartedMain] INFO  o.a.c.core.AprLifecycleListener - APR capabilities: IPv6 [true], sendfile [true], accept filters [false], random [true], UDS [true].
22 Sep 2022 - 11:03:23.715 [restartedMain] INFO  o.a.c.core.AprLifecycleListener - APR/OpenSSL configuration: useAprConnector [false], useOpenSSL [true]
22 Sep 2022 - 11:03:23.728 [restartedMain] INFO  o.a.c.core.AprLifecycleListener - OpenSSL successfully initialized [OpenSSL 1.1.1q  5 Jul 2022]
22 Sep 2022 - 11:03:23.739 [restartedMain] INFO  o.a.catalina.core.StandardService - Starting service [Tomcat]
22 Sep 2022 - 11:03:23.740 [restartedMain] INFO  o.a.catalina.core.StandardEngine - Starting Servlet engine: [Apache Tomcat/9.0.65]
22 Sep 2022 - 11:03:23.802 [restartedMain] INFO  o.a.c.c.C.[Tomcat].[localhost].[/] - Initializing Spring embedded WebApplicationContext
22 Sep 2022 - 11:03:23.802 [restartedMain] INFO  o.s.b.w.s.c.ServletWebServerApplicationContext - Root WebApplicationContext: initialization completed in 1241 ms
22 Sep 2022 - 11:03:23.925 [restartedMain] INFO  o.h.jpa.internal.util.LogHelper - HHH000204: Processing PersistenceUnitInfo [name: default]
22 Sep 2022 - 11:03:23.974 [restartedMain] INFO  org.hibernate.Version - HHH000412: Hibernate ORM core version 5.6.10.Final
22 Sep 2022 - 11:03:24.118 [restartedMain] INFO  o.h.annotations.common.Version - HCANN000001: Hibernate Commons Annotations {5.1.2.Final}
22 Sep 2022 - 11:03:24.209 [restartedMain] INFO  com.zaxxer.hikari.HikariDataSource - HikariPool-1 - Starting...
22 Sep 2022 - 11:03:24.511 [restartedMain] INFO  com.zaxxer.hikari.HikariDataSource - HikariPool-1 - Start completed.
22 Sep 2022 - 11:03:24.527 [restartedMain] INFO  org.hibernate.dialect.Dialect - HHH000400: Using dialect: org.hibernate.dialect.MySQL8Dialect
22 Sep 2022 - 11:03:25.273 [restartedMain] INFO  o.h.e.t.j.p.i.JtaPlatformInitiator - HHH000490: Using JtaPlatform implementation: [org.hibernate.engine.transaction.jta.platform.internal.NoJtaPlatform]
22 Sep 2022 - 11:03:25.281 [restartedMain] INFO  o.s.o.j.LocalContainerEntityManagerFactoryBean - Initialized JPA EntityManagerFactory for persistence unit 'default'
22 Sep 2022 - 11:03:25.810 [restartedMain] WARN  o.s.b.a.o.j.JpaBaseConfiguration$JpaWebConfiguration - spring.jpa.open-in-view is enabled by default. Therefore, database queries may be performed during view rendering. Explicitly configure spring.jpa.open-in-view to disable this warning
22 Sep 2022 - 11:03:25.922 [restartedMain] INFO  s.d.s.w.PropertySourcedRequestMappingHandlerMapping - Mapped URL path [/v2/api-docs] onto method [springfox.documentation.swagger2.web.Swagger2Controller#getDocumentation(String, HttpServletRequest)]
22 Sep 2022 - 11:03:26.036 [restartedMain] INFO  o.s.b.d.a.OptionalLiveReloadServer - LiveReload server is running on port 35729
22 Sep 2022 - 11:03:26.169 [restartedMain] INFO  o.s.b.w.e.tomcat.TomcatWebServer - Tomcat started on port(s): 8085 (http) with context path ''
22 Sep 2022 - 11:03:26.171 [restartedMain] INFO  s.d.s.w.p.DocumentationPluginsBootstrapper - Context refreshed
22 Sep 2022 - 11:03:26.189 [restartedMain] INFO  s.d.s.w.p.DocumentationPluginsBootstrapper - Found 1 custom documentation plugin(s)
22 Sep 2022 - 11:03:26.207 [restartedMain] INFO  s.d.s.w.s.ApiListingReferenceScanner - Scanning for api listing references
22 Sep 2022 - 11:03:26.366 [restartedMain] INFO  c.c.CollegemanagementsystemrestApplication - Started CollegemanagementsystemrestApplication in 4.18 seconds (JVM running for 4.774)
22 Sep 2022 - 11:04:11.318 [File Watcher] INFO  o.s.b.d.a.LocalDevToolsAutoConfiguration$RestartingClassPathChangeChangedEventListener - Restarting due to 1 class path change (0 additions, 0 deletions, 1 modification)
22 Sep 2022 - 11:04:11.332 [Thread-4] INFO  o.a.catalina.core.StandardService - Stopping service [Tomcat]
22 Sep 2022 - 11:04:11.351 [Thread-4] INFO  o.s.o.j.LocalContainerEntityManagerFactoryBean - Closing JPA EntityManagerFactory for persistence unit 'default'
22 Sep 2022 - 11:04:11.355 [Thread-4] INFO  com.zaxxer.hikari.HikariDataSource - HikariPool-1 - Shutdown initiated...
22 Sep 2022 - 11:04:11.365 [Thread-4] INFO  com.zaxxer.hikari.HikariDataSource - HikariPool-1 - Shutdown completed.
22 Sep 2022 - 11:04:11.430 [restartedMain] INFO  c.c.CollegemanagementsystemrestApplication - Starting CollegemanagementsystemrestApplication using Java 17.0.3 on LAPTOP-BLGNIC5O with PID 4700 (E:\FDP\collegemanagementsystemrest\target\classes started by HP in E:\FDP\collegemanagementsystemrest)
22 Sep 2022 - 11:04:11.430 [restartedMain] INFO  c.c.CollegemanagementsystemrestApplication - No active profile set, falling back to 1 default profile: "default"
22 Sep 2022 - 11:04:11.587 [restartedMain] INFO  o.s.d.r.c.RepositoryConfigurationDelegate - Bootstrapping Spring Data JPA repositories in DEFAULT mode.
22 Sep 2022 - 11:04:11.596 [restartedMain] INFO  o.s.d.r.c.RepositoryConfigurationDelegate - Finished Spring Data repository scanning in 8 ms. Found 3 JPA repository interfaces.
22 Sep 2022 - 11:04:11.665 [restartedMain] INFO  o.s.b.w.e.tomcat.TomcatWebServer - Tomcat initialized with port(s): 8888 (http)
22 Sep 2022 - 11:04:11.666 [restartedMain] INFO  o.a.c.core.AprLifecycleListener - Loaded Apache Tomcat Native library [1.2.35] using APR version [1.7.0].
22 Sep 2022 - 11:04:11.666 [restartedMain] INFO  o.a.c.core.AprLifecycleListener - APR capabilities: IPv6 [true], sendfile [true], accept filters [false], random [true], UDS [true].
22 Sep 2022 - 11:04:11.666 [restartedMain] INFO  o.a.c.core.AprLifecycleListener - APR/OpenSSL configuration: useAprConnector [false], useOpenSSL [true]
22 Sep 2022 - 11:04:11.666 [restartedMain] INFO  o.a.c.core.AprLifecycleListener - OpenSSL successfully initialized [OpenSSL 1.1.1q  5 Jul 2022]
22 Sep 2022 - 11:04:11.667 [restartedMain] INFO  o.a.catalina.core.StandardService - Starting service [Tomcat]
22 Sep 2022 - 11:04:11.667 [restartedMain] INFO  o.a.catalina.core.StandardEngine - Starting Servlet engine: [Apache Tomcat/9.0.65]
22 Sep 2022 - 11:04:11.678 [restartedMain] INFO  o.a.c.c.C.[Tomcat].[localhost].[/] - Initializing Spring embedded WebApplicationContext
22 Sep 2022 - 11:04:11.678 [restartedMain] INFO  o.s.b.w.s.c.ServletWebServerApplicationContext - Root WebApplicationContext: initialization completed in 247 ms
22 Sep 2022 - 11:04:11.703 [restartedMain] INFO  o.h.jpa.internal.util.LogHelper - HHH000204: Processing PersistenceUnitInfo [name: default]
22 Sep 2022 - 11:04:11.706 [restartedMain] INFO  com.zaxxer.hikari.HikariDataSource - HikariPool-2 - Starting...
22 Sep 2022 - 11:04:11.719 [restartedMain] INFO  com.zaxxer.hikari.HikariDataSource - HikariPool-2 - Start completed.
22 Sep 2022 - 11:04:11.719 [restartedMain] INFO  org.hibernate.dialect.Dialect - HHH000400: Using dialect: org.hibernate.dialect.MySQL8Dialect
22 Sep 2022 - 11:04:11.888 [restartedMain] INFO  o.h.e.t.j.p.i.JtaPlatformInitiator - HHH000490: Using JtaPlatform implementation: [org.hibernate.engine.transaction.jta.platform.internal.NoJtaPlatform]
22 Sep 2022 - 11:04:11.888 [restartedMain] INFO  o.s.o.j.LocalContainerEntityManagerFactoryBean - Initialized JPA EntityManagerFactory for persistence unit 'default'
22 Sep 2022 - 11:04:11.996 [restartedMain] WARN  o.s.b.a.o.j.JpaBaseConfiguration$JpaWebConfiguration - spring.jpa.open-in-view is enabled by default. Therefore, database queries may be performed during view rendering. Explicitly configure spring.jpa.open-in-view to disable this warning
22 Sep 2022 - 11:04:12.018 [restartedMain] INFO  s.d.s.w.PropertySourcedRequestMappingHandlerMapping - Mapped URL path [/v2/api-docs] onto method [springfox.documentation.swagger2.web.Swagger2Controller#getDocumentation(String, HttpServletRequest)]
22 Sep 2022 - 11:04:12.053 [restartedMain] INFO  o.s.b.d.a.OptionalLiveReloadServer - LiveReload server is running on port 35729
22 Sep 2022 - 11:04:12.099 [restartedMain] INFO  o.s.b.w.e.tomcat.TomcatWebServer - Tomcat started on port(s): 8888 (http) with context path ''
22 Sep 2022 - 11:04:12.100 [restartedMain] INFO  s.d.s.w.p.DocumentationPluginsBootstrapper - Context refreshed
22 Sep 2022 - 11:04:12.101 [restartedMain] INFO  s.d.s.w.p.DocumentationPluginsBootstrapper - Found 1 custom documentation plugin(s)
22 Sep 2022 - 11:04:12.104 [restartedMain] INFO  s.d.s.w.s.ApiListingReferenceScanner - Scanning for api listing references
22 Sep 2022 - 11:04:12.188 [restartedMain] INFO  c.c.CollegemanagementsystemrestApplication - Started CollegemanagementsystemrestApplication in 0.775 seconds (JVM running for 50.596)
22 Sep 2022 - 11:04:12.190 [restartedMain] INFO  o.s.b.d.a.ConditionEvaluationDeltaLoggingListener - Condition evaluation unchanged
22 Sep 2022 - 11:04:16.066 [http-nio-8888-exec-1] INFO  o.a.c.c.C.[Tomcat].[localhost].[/] - Initializing Spring DispatcherServlet 'dispatcherServlet'
22 Sep 2022 - 11:04:16.066 [http-nio-8888-exec-1] INFO  o.s.web.servlet.DispatcherServlet - Initializing Servlet 'dispatcherServlet'
22 Sep 2022 - 11:04:16.068 [http-nio-8888-exec-1] INFO  o.s.web.servlet.DispatcherServlet - Completed initialization in 2 ms
22 Sep 2022 - 11:07:14.358 [File Watcher] INFO  o.s.b.d.a.LocalDevToolsAutoConfiguration$RestartingClassPathChangeChangedEventListener - Restarting due to 1 class path change (0 additions, 0 deletions, 1 modification)
22 Sep 2022 - 11:07:14.386 [Thread-7] INFO  o.a.catalina.core.StandardService - Stopping service [Tomcat]
22 Sep 2022 - 11:07:14.386 [Thread-7] INFO  o.a.c.c.C.[Tomcat].[localhost].[/] - Destroying Spring FrameworkServlet 'dispatcherServlet'
22 Sep 2022 - 11:07:14.393 [Thread-7] INFO  o.s.o.j.LocalContainerEntityManagerFactoryBean - Closing JPA EntityManagerFactory for persistence unit 'default'
22 Sep 2022 - 11:07:14.394 [Thread-7] INFO  com.zaxxer.hikari.HikariDataSource - HikariPool-2 - Shutdown initiated...
22 Sep 2022 - 11:07:14.401 [Thread-7] INFO  com.zaxxer.hikari.HikariDataSource - HikariPool-2 - Shutdown completed.
22 Sep 2022 - 11:07:14.470 [restartedMain] INFO  c.c.CollegemanagementsystemrestApplication - Starting CollegemanagementsystemrestApplication using Java 17.0.3 on LAPTOP-BLGNIC5O with PID 4700 (E:\FDP\collegemanagementsystemrest\target\classes started by HP in E:\FDP\collegemanagementsystemrest)
22 Sep 2022 - 11:07:14.470 [restartedMain] INFO  c.c.CollegemanagementsystemrestApplication - No active profile set, falling back to 1 default profile: "default"
22 Sep 2022 - 11:07:14.650 [restartedMain] INFO  o.s.d.r.c.RepositoryConfigurationDelegate - Bootstrapping Spring Data JPA repositories in DEFAULT mode.
22 Sep 2022 - 11:07:14.661 [restartedMain] INFO  o.s.d.r.c.RepositoryConfigurationDelegate - Finished Spring Data repository scanning in 10 ms. Found 3 JPA repository interfaces.
22 Sep 2022 - 11:07:14.731 [restartedMain] INFO  o.s.b.w.e.tomcat.TomcatWebServer - Tomcat initialized with port(s): 8888 (http)
22 Sep 2022 - 11:07:14.731 [restartedMain] INFO  o.a.c.core.AprLifecycleListener - Loaded Apache Tomcat Native library [1.2.35] using APR version [1.7.0].
22 Sep 2022 - 11:07:14.731 [restartedMain] INFO  o.a.c.core.AprLifecycleListener - APR capabilities: IPv6 [true], sendfile [true], accept filters [false], random [true], UDS [true].
22 Sep 2022 - 11:07:14.731 [restartedMain] INFO  o.a.c.core.AprLifecycleListener - APR/OpenSSL configuration: useAprConnector [false], useOpenSSL [true]
22 Sep 2022 - 11:07:14.731 [restartedMain] INFO  o.a.c.core.AprLifecycleListener - OpenSSL successfully initialized [OpenSSL 1.1.1q  5 Jul 2022]
22 Sep 2022 - 11:07:14.732 [restartedMain] INFO  o.a.catalina.core.StandardService - Starting service [Tomcat]
22 Sep 2022 - 11:07:14.732 [restartedMain] INFO  o.a.catalina.core.StandardEngine - Starting Servlet engine: [Apache Tomcat/9.0.65]
22 Sep 2022 - 11:07:14.743 [restartedMain] INFO  o.a.c.c.C.[Tomcat].[localhost].[/] - Initializing Spring embedded WebApplicationContext
22 Sep 2022 - 11:07:14.743 [restartedMain] INFO  o.s.b.w.s.c.ServletWebServerApplicationContext - Root WebApplicationContext: initialization completed in 271 ms
22 Sep 2022 - 11:07:14.775 [restartedMain] INFO  o.h.jpa.internal.util.LogHelper - HHH000204: Processing PersistenceUnitInfo [name: default]
22 Sep 2022 - 11:07:14.779 [restartedMain] INFO  com.zaxxer.hikari.HikariDataSource - HikariPool-3 - Starting...
22 Sep 2022 - 11:07:14.802 [restartedMain] INFO  com.zaxxer.hikari.HikariDataSource - HikariPool-3 - Start completed.
22 Sep 2022 - 11:07:14.802 [restartedMain] INFO  org.hibernate.dialect.Dialect - HHH000400: Using dialect: org.hibernate.dialect.MySQL8Dialect
22 Sep 2022 - 11:07:14.986 [restartedMain] INFO  o.h.e.t.j.p.i.JtaPlatformInitiator - HHH000490: Using JtaPlatform implementation: [org.hibernate.engine.transaction.jta.platform.internal.NoJtaPlatform]
22 Sep 2022 - 11:07:14.986 [restartedMain] INFO  o.s.o.j.LocalContainerEntityManagerFactoryBean - Initialized JPA EntityManagerFactory for persistence unit 'default'
22 Sep 2022 - 11:07:15.099 [restartedMain] WARN  o.s.b.a.o.j.JpaBaseConfiguration$JpaWebConfiguration - spring.jpa.open-in-view is enabled by default. Therefore, database queries may be performed during view rendering. Explicitly configure spring.jpa.open-in-view to disable this warning
22 Sep 2022 - 11:07:15.118 [restartedMain] INFO  s.d.s.w.PropertySourcedRequestMappingHandlerMapping - Mapped URL path [/v2/api-docs] onto method [springfox.documentation.swagger2.web.Swagger2Controller#getDocumentation(String, HttpServletRequest)]
22 Sep 2022 - 11:07:15.148 [restartedMain] INFO  o.s.b.d.a.OptionalLiveReloadServer - LiveReload server is running on port 35729
22 Sep 2022 - 11:07:15.187 [restartedMain] INFO  o.s.b.w.e.tomcat.TomcatWebServer - Tomcat started on port(s): 8888 (http) with context path ''
22 Sep 2022 - 11:07:15.188 [restartedMain] INFO  s.d.s.w.p.DocumentationPluginsBootstrapper - Context refreshed
22 Sep 2022 - 11:07:15.188 [restartedMain] INFO  s.d.s.w.p.DocumentationPluginsBootstrapper - Found 1 custom documentation plugin(s)
22 Sep 2022 - 11:07:15.191 [restartedMain] INFO  s.d.s.w.s.ApiListingReferenceScanner - Scanning for api listing references
22 Sep 2022 - 11:07:15.260 [restartedMain] INFO  c.c.CollegemanagementsystemrestApplication - Started CollegemanagementsystemrestApplication in 0.805 seconds (JVM running for 233.668)
22 Sep 2022 - 11:07:15.262 [restartedMain] INFO  o.s.b.d.a.ConditionEvaluationDeltaLoggingListener - Condition evaluation unchanged
22 Sep 2022 - 11:10:09.517 [File Watcher] INFO  o.s.b.d.a.LocalDevToolsAutoConfiguration$RestartingClassPathChangeChangedEventListener - Restarting due to 1 class path change (0 additions, 0 deletions, 1 modification)
22 Sep 2022 - 11:10:09.534 [Thread-11] INFO  o.a.catalina.core.StandardService - Stopping service [Tomcat]
22 Sep 2022 - 11:10:09.542 [Thread-11] INFO  o.s.o.j.LocalContainerEntityManagerFactoryBean - Closing JPA EntityManagerFactory for persistence unit 'default'
22 Sep 2022 - 11:10:09.543 [Thread-11] INFO  com.zaxxer.hikari.HikariDataSource - HikariPool-3 - Shutdown initiated...
22 Sep 2022 - 11:10:09.548 [Thread-11] INFO  com.zaxxer.hikari.HikariDataSource - HikariPool-3 - Shutdown completed.
22 Sep 2022 - 11:10:09.606 [restartedMain] INFO  c.c.CollegemanagementsystemrestApplication - Starting CollegemanagementsystemrestApplication using Java 17.0.3 on LAPTOP-BLGNIC5O with PID 4700 (E:\FDP\collegemanagementsystemrest\target\classes started by HP in E:\FDP\collegemanagementsystemrest)
22 Sep 2022 - 11:10:09.606 [restartedMain] INFO  c.c.CollegemanagementsystemrestApplication - No active profile set, falling back to 1 default profile: "default"
22 Sep 2022 - 11:10:09.755 [restartedMain] INFO  o.s.d.r.c.RepositoryConfigurationDelegate - Bootstrapping Spring Data JPA repositories in DEFAULT mode.
22 Sep 2022 - 11:10:09.763 [restartedMain] INFO  o.s.d.r.c.RepositoryConfigurationDelegate - Finished Spring Data repository scanning in 7 ms. Found 3 JPA repository interfaces.
22 Sep 2022 - 11:10:09.827 [restartedMain] INFO  o.s.b.w.e.tomcat.TomcatWebServer - Tomcat initialized with port(s): 8888 (http)
22 Sep 2022 - 11:10:09.828 [restartedMain] INFO  o.a.c.core.AprLifecycleListener - Loaded Apache Tomcat Native library [1.2.35] using APR version [1.7.0].
22 Sep 2022 - 11:10:09.828 [restartedMain] INFO  o.a.c.core.AprLifecycleListener - APR capabilities: IPv6 [true], sendfile [true], accept filters [false], random [true], UDS [true].
22 Sep 2022 - 11:10:09.828 [restartedMain] INFO  o.a.c.core.AprLifecycleListener - APR/OpenSSL configuration: useAprConnector [false], useOpenSSL [true]
22 Sep 2022 - 11:10:09.828 [restartedMain] INFO  o.a.c.core.AprLifecycleListener - OpenSSL successfully initialized [OpenSSL 1.1.1q  5 Jul 2022]
22 Sep 2022 - 11:10:09.828 [restartedMain] INFO  o.a.catalina.core.StandardService - Starting service [Tomcat]
22 Sep 2022 - 11:10:09.828 [restartedMain] INFO  o.a.catalina.core.StandardEngine - Starting Servlet engine: [Apache Tomcat/9.0.65]
22 Sep 2022 - 11:10:09.839 [restartedMain] INFO  o.a.c.c.C.[Tomcat].[localhost].[/] - Initializing Spring embedded WebApplicationContext
22 Sep 2022 - 11:10:09.839 [restartedMain] INFO  o.s.b.w.s.c.ServletWebServerApplicationContext - Root WebApplicationContext: initialization completed in 231 ms
22 Sep 2022 - 11:10:09.867 [restartedMain] INFO  o.h.jpa.internal.util.LogHelper - HHH000204: Processing PersistenceUnitInfo [name: default]
22 Sep 2022 - 11:10:09.871 [restartedMain] INFO  com.zaxxer.hikari.HikariDataSource - HikariPool-4 - Starting...
22 Sep 2022 - 11:10:09.883 [restartedMain] INFO  com.zaxxer.hikari.HikariDataSource - HikariPool-4 - Start completed.
22 Sep 2022 - 11:10:09.884 [restartedMain] INFO  org.hibernate.dialect.Dialect - HHH000400: Using dialect: org.hibernate.dialect.MySQL8Dialect
22 Sep 2022 - 11:10:10.074 [restartedMain] INFO  o.h.e.t.j.p.i.JtaPlatformInitiator - HHH000490: Using JtaPlatform implementation: [org.hibernate.engine.transaction.jta.platform.internal.NoJtaPlatform]
22 Sep 2022 - 11:10:10.074 [restartedMain] INFO  o.s.o.j.LocalContainerEntityManagerFactoryBean - Initialized JPA EntityManagerFactory for persistence unit 'default'
22 Sep 2022 - 11:10:10.184 [restartedMain] WARN  o.s.b.a.o.j.JpaBaseConfiguration$JpaWebConfiguration - spring.jpa.open-in-view is enabled by default. Therefore, database queries may be performed during view rendering. Explicitly configure spring.jpa.open-in-view to disable this warning
22 Sep 2022 - 11:10:10.206 [restartedMain] INFO  s.d.s.w.PropertySourcedRequestMappingHandlerMapping - Mapped URL path [/v2/api-docs] onto method [springfox.documentation.swagger2.web.Swagger2Controller#getDocumentation(String, HttpServletRequest)]
22 Sep 2022 - 11:10:10.239 [restartedMain] INFO  o.s.b.d.a.OptionalLiveReloadServer - LiveReload server is running on port 35729
22 Sep 2022 - 11:10:10.285 [restartedMain] INFO  o.s.b.w.e.tomcat.TomcatWebServer - Tomcat started on port(s): 8888 (http) with context path ''
22 Sep 2022 - 11:10:10.286 [restartedMain] INFO  s.d.s.w.p.DocumentationPluginsBootstrapper - Context refreshed
22 Sep 2022 - 11:10:10.286 [restartedMain] INFO  s.d.s.w.p.DocumentationPluginsBootstrapper - Found 1 custom documentation plugin(s)
22 Sep 2022 - 11:10:10.290 [restartedMain] INFO  s.d.s.w.s.ApiListingReferenceScanner - Scanning for api listing references
22 Sep 2022 - 11:10:10.357 [restartedMain] INFO  c.c.CollegemanagementsystemrestApplication - Started CollegemanagementsystemrestApplication in 0.767 seconds (JVM running for 408.766)
22 Sep 2022 - 11:10:10.358 [restartedMain] INFO  o.s.b.d.a.ConditionEvaluationDeltaLoggingListener - Condition evaluation unchanged
22 Sep 2022 - 11:10:30.996 [File Watcher] INFO  o.s.b.d.a.LocalDevToolsAutoConfiguration$RestartingClassPathChangeChangedEventListener - Restarting due to 1 class path change (0 additions, 0 deletions, 1 modification)
22 Sep 2022 - 11:10:31.011 [Thread-15] INFO  o.a.catalina.core.StandardService - Stopping service [Tomcat]
22 Sep 2022 - 11:10:31.019 [Thread-15] INFO  o.s.o.j.LocalContainerEntityManagerFactoryBean - Closing JPA EntityManagerFactory for persistence unit 'default'
22 Sep 2022 - 11:10:31.020 [Thread-15] INFO  com.zaxxer.hikari.HikariDataSource - HikariPool-4 - Shutdown initiated...
22 Sep 2022 - 11:10:31.026 [Thread-15] INFO  com.zaxxer.hikari.HikariDataSource - HikariPool-4 - Shutdown completed.
22 Sep 2022 - 11:10:31.076 [restartedMain] INFO  c.c.CollegemanagementsystemrestApplication - Starting CollegemanagementsystemrestApplication using Java 17.0.3 on LAPTOP-BLGNIC5O with PID 4700 (E:\FDP\collegemanagementsystemrest\target\classes started by HP in E:\FDP\collegemanagementsystemrest)
22 Sep 2022 - 11:10:31.076 [restartedMain] INFO  c.c.CollegemanagementsystemrestApplication - No active profile set, falling back to 1 default profile: "default"
22 Sep 2022 - 11:10:31.239 [restartedMain] INFO  o.s.d.r.c.RepositoryConfigurationDelegate - Bootstrapping Spring Data JPA repositories in DEFAULT mode.
22 Sep 2022 - 11:10:31.247 [restartedMain] INFO  o.s.d.r.c.RepositoryConfigurationDelegate - Finished Spring Data repository scanning in 7 ms. Found 3 JPA repository interfaces.
22 Sep 2022 - 11:10:31.297 [restartedMain] INFO  o.s.b.w.e.tomcat.TomcatWebServer - Tomcat initialized with port(s): 8888 (http)
22 Sep 2022 - 11:10:31.297 [restartedMain] INFO  o.a.c.core.AprLifecycleListener - Loaded Apache Tomcat Native library [1.2.35] using APR version [1.7.0].
22 Sep 2022 - 11:10:31.297 [restartedMain] INFO  o.a.c.core.AprLifecycleListener - APR capabilities: IPv6 [true], sendfile [true], accept filters [false], random [true], UDS [true].
22 Sep 2022 - 11:10:31.297 [restartedMain] INFO  o.a.c.core.AprLifecycleListener - APR/OpenSSL configuration: useAprConnector [false], useOpenSSL [true]
22 Sep 2022 - 11:10:31.297 [restartedMain] INFO  o.a.c.core.AprLifecycleListener - OpenSSL successfully initialized [OpenSSL 1.1.1q  5 Jul 2022]
22 Sep 2022 - 11:10:31.297 [restartedMain] INFO  o.a.catalina.core.StandardService - Starting service [Tomcat]
22 Sep 2022 - 11:10:31.297 [restartedMain] INFO  o.a.catalina.core.StandardEngine - Starting Servlet engine: [Apache Tomcat/9.0.65]
22 Sep 2022 - 11:10:31.308 [restartedMain] INFO  o.a.c.c.C.[Tomcat].[localhost].[/] - Initializing Spring embedded WebApplicationContext
22 Sep 2022 - 11:10:31.308 [restartedMain] INFO  o.s.b.w.s.c.ServletWebServerApplicationContext - Root WebApplicationContext: initialization completed in 230 ms
22 Sep 2022 - 11:10:31.330 [restartedMain] INFO  o.h.jpa.internal.util.LogHelper - HHH000204: Processing PersistenceUnitInfo [name: default]
22 Sep 2022 - 11:10:31.332 [restartedMain] INFO  com.zaxxer.hikari.HikariDataSource - HikariPool-5 - Starting...
22 Sep 2022 - 11:10:31.342 [restartedMain] INFO  com.zaxxer.hikari.HikariDataSource - HikariPool-5 - Start completed.
22 Sep 2022 - 11:10:31.343 [restartedMain] INFO  org.hibernate.dialect.Dialect - HHH000400: Using dialect: org.hibernate.dialect.MySQL8Dialect
22 Sep 2022 - 11:10:31.537 [restartedMain] INFO  o.h.e.t.j.p.i.JtaPlatformInitiator - HHH000490: Using JtaPlatform implementation: [org.hibernate.engine.transaction.jta.platform.internal.NoJtaPlatform]
22 Sep 2022 - 11:10:31.537 [restartedMain] INFO  o.s.o.j.LocalContainerEntityManagerFactoryBean - Initialized JPA EntityManagerFactory for persistence unit 'default'
22 Sep 2022 - 11:10:31.632 [restartedMain] WARN  o.s.b.a.o.j.JpaBaseConfiguration$JpaWebConfiguration - spring.jpa.open-in-view is enabled by default. Therefore, database queries may be performed during view rendering. Explicitly configure spring.jpa.open-in-view to disable this warning
22 Sep 2022 - 11:10:31.658 [restartedMain] INFO  s.d.s.w.PropertySourcedRequestMappingHandlerMapping - Mapped URL path [/v2/api-docs] onto method [springfox.documentation.swagger2.web.Swagger2Controller#getDocumentation(String, HttpServletRequest)]
22 Sep 2022 - 11:10:31.693 [restartedMain] INFO  o.s.b.d.a.OptionalLiveReloadServer - LiveReload server is running on port 35729
22 Sep 2022 - 11:10:31.736 [restartedMain] INFO  o.s.b.w.e.tomcat.TomcatWebServer - Tomcat started on port(s): 8888 (http) with context path ''
22 Sep 2022 - 11:10:31.736 [restartedMain] INFO  s.d.s.w.p.DocumentationPluginsBootstrapper - Context refreshed
22 Sep 2022 - 11:10:31.736 [restartedMain] INFO  s.d.s.w.p.DocumentationPluginsBootstrapper - Found 1 custom documentation plugin(s)
22 Sep 2022 - 11:10:31.738 [restartedMain] INFO  s.d.s.w.s.ApiListingReferenceScanner - Scanning for api listing references
22 Sep 2022 - 11:10:31.809 [restartedMain] INFO  c.c.CollegemanagementsystemrestApplication - Started CollegemanagementsystemrestApplication in 0.752 seconds (JVM running for 430.218)
22 Sep 2022 - 11:10:31.810 [restartedMain] INFO  o.s.b.d.a.ConditionEvaluationDeltaLoggingListener - Condition evaluation unchanged
22 Sep 2022 - 11:10:34.121 [http-nio-8888-exec-1] INFO  o.a.c.c.C.[Tomcat].[localhost].[/] - Initializing Spring DispatcherServlet 'dispatcherServlet'
22 Sep 2022 - 11:10:34.121 [http-nio-8888-exec-1] INFO  o.s.web.servlet.DispatcherServlet - Initializing Servlet 'dispatcherServlet'
22 Sep 2022 - 11:10:34.122 [http-nio-8888-exec-1] INFO  o.s.web.servlet.DispatcherServlet - Completed initialization in 1 ms
22 Sep 2022 - 11:11:13.525 [RMI TCP Connection(11)-127.0.0.1] INFO  o.s.b.a.SpringApplicationAdminMXBeanRegistrar$SpringApplicationAdmin - Application shutdown requested.
22 Sep 2022 - 11:11:13.530 [RMI TCP Connection(11)-127.0.0.1] INFO  o.a.catalina.core.StandardService - Stopping service [Tomcat]
22 Sep 2022 - 11:11:13.530 [RMI TCP Connection(11)-127.0.0.1] INFO  o.a.c.c.C.[Tomcat].[localhost].[/] - Destroying Spring FrameworkServlet 'dispatcherServlet'
22 Sep 2022 - 11:11:13.535 [RMI TCP Connection(11)-127.0.0.1] INFO  o.s.o.j.LocalContainerEntityManagerFactoryBean - Closing JPA EntityManagerFactory for persistence unit 'default'
22 Sep 2022 - 11:11:13.535 [RMI TCP Connection(11)-127.0.0.1] INFO  com.zaxxer.hikari.HikariDataSource - HikariPool-5 - Shutdown initiated...
22 Sep 2022 - 11:11:13.539 [RMI TCP Connection(11)-127.0.0.1] INFO  com.zaxxer.hikari.HikariDataSource - HikariPool-5 - Shutdown completed.
